Assembler report for Practica2
Sat Sep 06 15:52:22 2025
Quartus Prime Version 15.1.0 Build 185 10/21/2015 SJ Lite Edition


---------------------
; Table of Contents ;
---------------------
  1. Legal Notice
  2. Assembler Summary
  3. Assembler Settings
  4. Assembler Generated Files
  5. Assembler Device Options: C:/Users/imano/Documents/Lab. Arqui/Practica 2/output_files/Practica2.sof
  6. Assembler Messages



----------------
; Legal Notice ;
----------------
Copyright (C) 1991-2015 Altera Corporation. All rights reserved.
Your use of Altera Corporation's design tools, logic functions 
and other software and tools, and its AMPP partner logic 
functions, and any output files from any of the foregoing 
(including device programming or simulation files), and any 
associated documentation or information are expressly subject 
to the terms and conditions of the Altera Program License 
Subscription Agreement, the Altera Quartus Prime License Agreement,
the Altera MegaCore Function License Agreement, or other 
applicable license agreement, including, without limitation, 
that your use is for the sole purpose of programming logic 
devices manufactured by Altera and sold by Altera or its 
authorized distributors.  Please refer to the applicable 
agreement for further details.



+---------------------------------------------------------------+
; Assembler Summary                                             ;
+-----------------------+---------------------------------------+
; Assembler Status      ; Successful - Sat Sep 06 15:52:22 2025 ;
; Revision Name         ; Practica2                             ;
; Top-level Entity Name ; Practica2                             ;
; Family                ; Cyclone IV E                          ;
; Device                ; EP4CE6E22C6                           ;
+-----------------------+---------------------------------------+


+----------------------------------+
; Assembler Settings               ;
+--------+---------+---------------+
; Option ; Setting ; Default Value ;
+--------+---------+---------------+


+---------------------------------------------------------------------------+
; Assembler Generated Files                                                 ;
+---------------------------------------------------------------------------+
; File Name                                                                 ;
+---------------------------------------------------------------------------+
; C:/Users/imano/Documents/Lab. Arqui/Practica 2/output_files/Practica2.sof ;
+---------------------------------------------------------------------------+


+-----------------------------------------------------------------------------------------------------+
; Assembler Device Options: C:/Users/imano/Documents/Lab. Arqui/Practica 2/output_files/Practica2.sof ;
+----------------+------------------------------------------------------------------------------------+
; Option         ; Setting                                                                            ;
+----------------+------------------------------------------------------------------------------------+
; Device         ; EP4CE6E22C6                                                                        ;
; JTAG usercode  ; 0x000935EB                                                                         ;
; Checksum       ; 0x000935EB                                                                         ;
+----------------+------------------------------------------------------------------------------------+


+--------------------+
; Assembler Messages ;
+--------------------+
Info: *******************************************************************
Info: Running Quartus Prime Assembler
    Info: Version 15.1.0 Build 185 10/21/2015 SJ Lite Edition
    Info: Processing started: Sat Sep 06 15:52:20 2025
Info: Command: quartus_asm --read_settings_files=off --write_settings_files=off Practica2 -c Practica2
Info (115031): Writing out detailed assembly data for power analysis
Info (115030): Assembler is generating device programming files
Info: Quartus Prime Assembler was successful. 0 errors, 0 warnings
    Info: Peak virtual memory: 4839 megabytes
    Info: Processing ended: Sat Sep 06 15:52:22 2025
    Info: Elapsed time: 00:00:02
    Info: Total CPU time (on all processors): 00:00:01


